Started at Fri Apr 26 18:00:06 UTC 2024
Processing Ski-Station-Pipeline
Offering Ski-Station-Pipeline to Project Build Discarder
Finished at Fri Apr 26 18:00:06 UTC 2024. 13ms
Started at Fri Apr 26 22:20:38 UTC 2024
Processing Ski-Station-Pipeline
Offering Ski-Station-Pipeline to Project Build Discarder
Finished at Fri Apr 26 22:20:38 UTC 2024. 47ms
Started at Fri Apr 26 23:54:17 UTC 2024
Processing Ski-Station-Pipeline
Offering Ski-Station-Pipeline to Project Build Discarder
Finished at Fri Apr 26 23:54:17 UTC 2024. 32ms
Started at Sat Apr 27 00:54:17 UTC 2024
Processing Ski-Station-Pipeline
Offering Ski-Station-Pipeline to Project Build Discarder
Finished at Sat Apr 27 00:54:17 UTC 2024. 75ms
Started at Sat Apr 27 03:03:08 UTC 2024
Processing Ski-Station-Pipeline
Offering Ski-Station-Pipeline to Project Build Discarder
Finished at Sat Apr 27 03:03:08 UTC 2024. 70ms
Started at Sat Apr 27 04:03:08 UTC 2024
Processing Ski-Station-Pipeline
Offering Ski-Station-Pipeline to Project Build Discarder
Finished at Sat Apr 27 04:03:08 UTC 2024. 19ms
Started at Sat Apr 27 05:03:08 UTC 2024
Processing Ski-Station-Pipeline
Offering Ski-Station-Pipeline to Project Build Discarder
Finished at Sat Apr 27 05:03:08 UTC 2024. 32ms
Started at Sat Apr 27 06:03:08 UTC 2024
Processing Ski-Station-Pipeline
Offering Ski-Station-Pipeline to Project Build Discarder
Finished at Sat Apr 27 06:03:08 UTC 2024. 9ms
